Vivado Simulator 2018.2
Time resolution is 1 ps
Stopped at time : 11 ns : File "G:/hdl_things/ST_Watch/ST_Watch.srcs/sources_1/new/st_regs.v" Line 167
Stopped at time : 11 ns : File "G:/hdl_things/ST_Watch/ST_Watch.srcs/sources_1/new/st_regs.v" Line 168
Stopped at time : 11 ns : File "G:/hdl_things/ST_Watch/ST_Watch.srcs/sources_1/new/st_regs.v" Line 206
Stopped at time : 11 ns : File "G:/hdl_things/ST_Watch/ST_Watch.srcs/sources_1/new/st_regs.v" Line 116
Stopped at time : 12 ns : File "G:/hdl_things/ST_Watch/ST_Watch.srcs/sim_1/new/st_regs_test.v" Line 37
Stopped at time : 0 fs : File "G:/hdl_things/ST_Watch/ST_Watch.srcs/sources_1/new/st_regs.v" Line 70
Stopped at time : 0 fs : File "G:/hdl_things/ST_Watch/ST_Watch.srcs/sources_1/new/st_regs.v" Line 116
Stopped at time : 0 fs : File "G:/hdl_things/ST_Watch/ST_Watch.sim/sim_1/behav/xsim/glbl.v" Line 52
Stopped at time : 0 fs : File "G:/hdl_things/ST_Watch/ST_Watch.sim/sim_1/behav/xsim/glbl.v" Line 53
Stopped at time : 0 fs : File "G:/hdl_things/ST_Watch/ST_Watch.sim/sim_1/behav/xsim/glbl.v" Line 54
Stopped at time : 0 fs : File "G:/hdl_things/ST_Watch/ST_Watch.sim/sim_1/behav/xsim/glbl.v" Line 17
Stopped at time : 0 fs : File "G:/hdl_things/ST_Watch/ST_Watch.srcs/sim_1/new/st_regs_test.v" Line 24
Stopped at time : 0 fs : File "G:/hdl_things/ST_Watch/ST_Watch.srcs/sim_1/new/st_regs_test.v" Line 27
Stopped at time : 0 fs : File "G:/hdl_things/ST_Watch/ST_Watch.srcs/sources_1/new/st_regs.v" Line 64
Stopped at time : 0 fs : File "G:/hdl_things/ST_Watch/ST_Watch.srcs/sources_1/new/st_regs.v" Line 65
Stopped at time : 0 fs : File "G:/hdl_things/ST_Watch/ST_Watch.srcs/sources_1/new/st_regs.v" Line 66
Stopped at time : 0 fs : File "G:/hdl_things/ST_Watch/ST_Watch.srcs/sources_1/new/st_regs.v" Line 67
Stopped at time : 0 fs : File "G:/hdl_things/ST_Watch/ST_Watch.srcs/sources_1/new/st_regs.v" Line 68
Stopped at time : 0 fs : File "G:/hdl_things/ST_Watch/ST_Watch.sim/sim_1/behav/xsim/glbl.v" Line 42
Stopped at time : 0 fs : File "G:/hdl_things/ST_Watch/ST_Watch.sim/sim_1/behav/xsim/glbl.v" Line 43
Stopped at time : 0 fs : File "G:/hdl_things/ST_Watch/ST_Watch.sim/sim_1/behav/xsim/glbl.v" Line 44
Stopped at time : 0 fs : File "G:/hdl_things/ST_Watch/ST_Watch.sim/sim_1/behav/xsim/glbl.v" Line 45
Stopped at time : 0 fs : File "G:/hdl_things/ST_Watch/ST_Watch.sim/sim_1/behav/xsim/glbl.v" Line 47
Stopped at time : 0 fs : File "G:/hdl_things/ST_Watch/ST_Watch.sim/sim_1/behav/xsim/glbl.v" Line 48
Stopped at time : 0 fs : File "G:/hdl_things/ST_Watch/ST_Watch.sim/sim_1/behav/xsim/glbl.v" Line 49
Stopped at time : 0 fs : File "G:/hdl_things/ST_Watch/ST_Watch.sim/sim_1/behav/xsim/glbl.v" Line 50
Stopped at time : 0 fs : File "G:/hdl_things/ST_Watch/ST_Watch.srcs/sim_1/new/st_regs_test.v" Line 37
Stopped at time : 0 fs : File "G:/hdl_things/ST_Watch/ST_Watch.srcs/sim_1/new/st_regs_test.v" Line 37
Stopped at time : 0 fs : File "G:/hdl_things/ST_Watch/ST_Watch.srcs/sim_1/new/st_regs_test.v" Line 40
Stopped at time : 0 fs : File "G:/hdl_things/ST_Watch/ST_Watch.sim/sim_1/behav/xsim/glbl.v" Line 57
Stopped at time : 0 fs : File "G:/hdl_things/ST_Watch/ST_Watch.sim/sim_1/behav/xsim/glbl.v" Line 58
Stopped at time : 0 fs : File "G:/hdl_things/ST_Watch/ST_Watch.sim/sim_1/behav/xsim/glbl.v" Line 59
Stopped at time : 0 fs : File "G:/hdl_things/ST_Watch/ST_Watch.sim/sim_1/behav/xsim/glbl.v" Line 65
Stopped at time : 0 fs : File "G:/hdl_things/ST_Watch/ST_Watch.sim/sim_1/behav/xsim/glbl.v" Line 66
Stopped at time : 0 fs : File "G:/hdl_things/ST_Watch/ST_Watch.sim/sim_1/behav/xsim/glbl.v" Line 52
Stopped at time : 0 fs : File "G:/hdl_things/ST_Watch/ST_Watch.sim/sim_1/behav/xsim/glbl.v" Line 54
Stopped at time : 0 fs : File "G:/hdl_things/ST_Watch/ST_Watch.sim/sim_1/behav/xsim/glbl.v" Line 53
Stopped at time : 0 fs : File "G:/hdl_things/ST_Watch/ST_Watch.sim/sim_1/behav/xsim/glbl.v" Line 67
Stopped at time : 0 fs : File "G:/hdl_things/ST_Watch/ST_Watch.sim/sim_1/behav/xsim/glbl.v" Line 53
Stopped at time : 1 ns : File "G:/hdl_things/ST_Watch/ST_Watch.srcs/sim_1/new/st_regs_test.v" Line 37
Stopped at time : 1 ns : File "G:/hdl_things/ST_Watch/ST_Watch.srcs/sim_1/new/st_regs_test.v" Line 37
Stopped at time : 1 ns : File "G:/hdl_things/ST_Watch/ST_Watch.srcs/sim_1/new/st_regs_test.v" Line 37
Stopped at time : 1 ns : File "G:/hdl_things/ST_Watch/ST_Watch.srcs/sources_1/new/st_regs.v" Line 71
Stopped at time : 1 ns : File "G:/hdl_things/ST_Watch/ST_Watch.srcs/sources_1/new/st_regs.v" Line 74
Stopped at time : 1 ns : File "G:/hdl_things/ST_Watch/ST_Watch.srcs/sources_1/new/st_regs.v" Line 70
Stopped at time : 1 ns : File "G:/hdl_things/ST_Watch/ST_Watch.srcs/sources_1/new/st_regs.v" Line 117
Stopped at time : 1 ns : File "G:/hdl_things/ST_Watch/ST_Watch.srcs/sources_1/new/st_regs.v" Line 119
Stopped at time : 1 ns : File "G:/hdl_things/ST_Watch/ST_Watch.srcs/sources_1/new/st_regs.v" Line 143
Stopped at time : 1 ns : File "G:/hdl_things/ST_Watch/ST_Watch.srcs/sources_1/new/st_regs.v" Line 144
Stopped at time : 1 ns : File "G:/hdl_things/ST_Watch/ST_Watch.srcs/sources_1/new/st_regs.v" Line 145
Stopped at time : 1 ns : File "G:/hdl_things/ST_Watch/ST_Watch.srcs/sources_1/new/st_regs.v" Line 146
Stopped at time : 1 ns : File "G:/hdl_things/ST_Watch/ST_Watch.srcs/sources_1/new/st_regs.v" Line 147
Stopped at time : 1 ns : File "G:/hdl_things/ST_Watch/ST_Watch.srcs/sources_1/new/st_regs.v" Line 148
Stopped at time : 1 ns : File "G:/hdl_things/ST_Watch/ST_Watch.srcs/sources_1/new/st_regs.v" Line 149
Stopped at time : 1 ns : File "G:/hdl_things/ST_Watch/ST_Watch.srcs/sources_1/new/st_regs.v" Line 150
Stopped at time : 1 ns : File "G:/hdl_things/ST_Watch/ST_Watch.srcs/sources_1/new/st_regs.v" Line 116
Stopped at time : 2 ns : File "G:/hdl_things/ST_Watch/ST_Watch.srcs/sim_1/new/st_regs_test.v" Line 37
Stopped at time : 2 ns : File "G:/hdl_things/ST_Watch/ST_Watch.srcs/sim_1/new/st_regs_test.v" Line 37
Stopped at time : 2 ns : File "G:/hdl_things/ST_Watch/ST_Watch.srcs/sim_1/new/st_regs_test.v" Line 37
Stopped at time : 3 ns : File "G:/hdl_things/ST_Watch/ST_Watch.srcs/sim_1/new/st_regs_test.v" Line 37
Stopped at time : 3 ns : File "G:/hdl_things/ST_Watch/ST_Watch.srcs/sim_1/new/st_regs_test.v" Line 37
Stopped at time : 3 ns : File "G:/hdl_things/ST_Watch/ST_Watch.srcs/sim_1/new/st_regs_test.v" Line 37
Stopped at time : 3 ns : File "G:/hdl_things/ST_Watch/ST_Watch.srcs/sources_1/new/st_regs.v" Line 71
Stopped at time : 3 ns : File "G:/hdl_things/ST_Watch/ST_Watch.srcs/sources_1/new/st_regs.v" Line 74
Stopped at time : 3 ns : File "G:/hdl_things/ST_Watch/ST_Watch.srcs/sources_1/new/st_regs.v" Line 70
Stopped at time : 3 ns : File "G:/hdl_things/ST_Watch/ST_Watch.srcs/sources_1/new/st_regs.v" Line 117
Stopped at time : 3 ns : File "G:/hdl_things/ST_Watch/ST_Watch.srcs/sources_1/new/st_regs.v" Line 119
Stopped at time : 3 ns : File "G:/hdl_things/ST_Watch/ST_Watch.srcs/sources_1/new/st_regs.v" Line 143
Stopped at time : 3 ns : File "G:/hdl_things/ST_Watch/ST_Watch.srcs/sources_1/new/st_regs.v" Line 144
Stopped at time : 3 ns : File "G:/hdl_things/ST_Watch/ST_Watch.srcs/sources_1/new/st_regs.v" Line 145
Stopped at time : 3 ns : File "G:/hdl_things/ST_Watch/ST_Watch.srcs/sources_1/new/st_regs.v" Line 146
Stopped at time : 3 ns : File "G:/hdl_things/ST_Watch/ST_Watch.srcs/sources_1/new/st_regs.v" Line 147
Stopped at time : 3 ns : File "G:/hdl_things/ST_Watch/ST_Watch.srcs/sources_1/new/st_regs.v" Line 148
Stopped at time : 3 ns : File "G:/hdl_things/ST_Watch/ST_Watch.srcs/sources_1/new/st_regs.v" Line 149
Stopped at time : 3 ns : File "G:/hdl_things/ST_Watch/ST_Watch.srcs/sources_1/new/st_regs.v" Line 150
Stopped at time : 3 ns : File "G:/hdl_things/ST_Watch/ST_Watch.srcs/sources_1/new/st_regs.v" Line 116
Stopped at time : 4 ns : File "G:/hdl_things/ST_Watch/ST_Watch.srcs/sim_1/new/st_regs_test.v" Line 40
Stopped at time : 4 ns : File "G:/hdl_things/ST_Watch/ST_Watch.srcs/sim_1/new/st_regs_test.v" Line 41
Stopped at time : 4 ns : File "G:/hdl_things/ST_Watch/ST_Watch.srcs/sim_1/new/st_regs_test.v" Line 42
Stopped at time : 4 ns : File "G:/hdl_things/ST_Watch/ST_Watch.srcs/sim_1/new/st_regs_test.v" Line 37
Stopped at time : 4 ns : File "G:/hdl_things/ST_Watch/ST_Watch.srcs/sim_1/new/st_regs_test.v" Line 37
Stopped at time : 4 ns : File "G:/hdl_things/ST_Watch/ST_Watch.srcs/sim_1/new/st_regs_test.v" Line 37
Stopped at time : 5 ns : File "G:/hdl_things/ST_Watch/ST_Watch.srcs/sim_1/new/st_regs_test.v" Line 37
Stopped at time : 5 ns : File "G:/hdl_things/ST_Watch/ST_Watch.srcs/sim_1/new/st_regs_test.v" Line 37
Stopped at time : 5 ns : File "G:/hdl_things/ST_Watch/ST_Watch.srcs/sim_1/new/st_regs_test.v" Line 37
Stopped at time : 5 ns : File "G:/hdl_things/ST_Watch/ST_Watch.srcs/sources_1/new/st_regs.v" Line 71
Stopped at time : 5 ns : File "G:/hdl_things/ST_Watch/ST_Watch.srcs/sources_1/new/st_regs.v" Line 74
Stopped at time : 5 ns : File "G:/hdl_things/ST_Watch/ST_Watch.srcs/sources_1/new/st_regs.v" Line 75
Stopped at time : 5 ns : File "G:/hdl_things/ST_Watch/ST_Watch.srcs/sources_1/new/st_regs.v" Line 82
Stopped at time : 5 ns : File "G:/hdl_things/ST_Watch/ST_Watch.srcs/sources_1/new/st_regs.v" Line 84
Stopped at time : 5 ns : File "G:/hdl_things/ST_Watch/ST_Watch.srcs/sources_1/new/st_regs.v" Line 101
Stopped at time : 5 ns : File "G:/hdl_things/ST_Watch/ST_Watch.srcs/sources_1/new/st_regs.v" Line 103
Stopped at time : 5 ns : File "G:/hdl_things/ST_Watch/ST_Watch.srcs/sources_1/new/st_regs.v" Line 104
Stopped at time : 5 ns : File "G:/hdl_things/ST_Watch/ST_Watch.srcs/sources_1/new/st_regs.v" Line 105
Stopped at time : 5 ns : File "G:/hdl_things/ST_Watch/ST_Watch.srcs/sources_1/new/st_regs.v" Line 106
Stopped at time : 5 ns : File "G:/hdl_things/ST_Watch/ST_Watch.srcs/sources_1/new/st_regs.v" Line 107
Stopped at time : 5 ns : File "G:/hdl_things/ST_Watch/ST_Watch.srcs/sources_1/new/st_regs.v" Line 108
Stopped at time : 5 ns : File "G:/hdl_things/ST_Watch/ST_Watch.srcs/sources_1/new/st_regs.v" Line 109
Stopped at time : 5 ns : File "G:/hdl_things/ST_Watch/ST_Watch.srcs/sources_1/new/st_regs.v" Line 110
Stopped at time : 5 ns : File "G:/hdl_things/ST_Watch/ST_Watch.srcs/sources_1/new/st_regs.v" Line 111
Stopped at time : 5 ns : File "G:/hdl_things/ST_Watch/ST_Watch.srcs/sources_1/new/st_regs.v" Line 70
Stopped at time : 5 ns : File "G:/hdl_things/ST_Watch/ST_Watch.srcs/sources_1/new/st_regs.v" Line 117
Stopped at time : 5 ns : File "G:/hdl_things/ST_Watch/ST_Watch.srcs/sources_1/new/st_regs.v" Line 119
Stopped at time : 5 ns : File "G:/hdl_things/ST_Watch/ST_Watch.srcs/sources_1/new/st_regs.v" Line 132
Stopped at time : 5 ns : File "G:/hdl_things/ST_Watch/ST_Watch.srcs/sources_1/new/st_regs.v" Line 133
Stopped at time : 5 ns : File "G:/hdl_things/ST_Watch/ST_Watch.srcs/sources_1/new/st_regs.v" Line 134
Stopped at time : 5 ns : File "G:/hdl_things/ST_Watch/ST_Watch.srcs/sources_1/new/st_regs.v" Line 135
Stopped at time : 5 ns : File "G:/hdl_things/ST_Watch/ST_Watch.srcs/sources_1/new/st_regs.v" Line 136
Stopped at time : 5 ns : File "G:/hdl_things/ST_Watch/ST_Watch.srcs/sources_1/new/st_regs.v" Line 137
Stopped at time : 5 ns : File "G:/hdl_things/ST_Watch/ST_Watch.srcs/sources_1/new/st_regs.v" Line 138
Stopped at time : 5 ns : File "G:/hdl_things/ST_Watch/ST_Watch.srcs/sources_1/new/st_regs.v" Line 139
Stopped at time : 5 ns : File "G:/hdl_things/ST_Watch/ST_Watch.srcs/sources_1/new/st_regs.v" Line 116
Stopped at time : 6 ns : File "G:/hdl_things/ST_Watch/ST_Watch.srcs/sim_1/new/st_regs_test.v" Line 37
Stopped at time : 6 ns : File "G:/hdl_things/ST_Watch/ST_Watch.srcs/sim_1/new/st_regs_test.v" Line 37
Stopped at time : 6 ns : File "G:/hdl_things/ST_Watch/ST_Watch.srcs/sim_1/new/st_regs_test.v" Line 37
Stopped at time : 7 ns : File "G:/hdl_things/ST_Watch/ST_Watch.srcs/sim_1/new/st_regs_test.v" Line 37
Stopped at time : 7 ns : File "G:/hdl_things/ST_Watch/ST_Watch.srcs/sim_1/new/st_regs_test.v" Line 37
Stopped at time : 7 ns : File "G:/hdl_things/ST_Watch/ST_Watch.srcs/sim_1/new/st_regs_test.v" Line 37
Stopped at time : 7 ns : File "G:/hdl_things/ST_Watch/ST_Watch.srcs/sources_1/new/st_regs.v" Line 71
Stopped at time : 7 ns : File "G:/hdl_things/ST_Watch/ST_Watch.srcs/sources_1/new/st_regs.v" Line 74
Stopped at time : 7 ns : File "G:/hdl_things/ST_Watch/ST_Watch.srcs/sources_1/new/st_regs.v" Line 75
Stopped at time : 7 ns : File "G:/hdl_things/ST_Watch/ST_Watch.srcs/sources_1/new/st_regs.v" Line 82
Stopped at time : 7 ns : File "G:/hdl_things/ST_Watch/ST_Watch.srcs/sources_1/new/st_regs.v" Line 84
Stopped at time : 7 ns : File "G:/hdl_things/ST_Watch/ST_Watch.srcs/sources_1/new/st_regs.v" Line 101
Stopped at time : 7 ns : File "G:/hdl_things/ST_Watch/ST_Watch.srcs/sources_1/new/st_regs.v" Line 103
Stopped at time : 7 ns : File "G:/hdl_things/ST_Watch/ST_Watch.srcs/sources_1/new/st_regs.v" Line 104
Stopped at time : 7 ns : File "G:/hdl_things/ST_Watch/ST_Watch.srcs/sources_1/new/st_regs.v" Line 105
Stopped at time : 7 ns : File "G:/hdl_things/ST_Watch/ST_Watch.srcs/sources_1/new/st_regs.v" Line 106
Stopped at time : 7 ns : File "G:/hdl_things/ST_Watch/ST_Watch.srcs/sources_1/new/st_regs.v" Line 107
Stopped at time : 7 ns : File "G:/hdl_things/ST_Watch/ST_Watch.srcs/sources_1/new/st_regs.v" Line 108
Stopped at time : 7 ns : File "G:/hdl_things/ST_Watch/ST_Watch.srcs/sources_1/new/st_regs.v" Line 109
Stopped at time : 7 ns : File "G:/hdl_things/ST_Watch/ST_Watch.srcs/sources_1/new/st_regs.v" Line 110
Stopped at time : 7 ns : File "G:/hdl_things/ST_Watch/ST_Watch.srcs/sources_1/new/st_regs.v" Line 111
Stopped at time : 7 ns : File "G:/hdl_things/ST_Watch/ST_Watch.srcs/sources_1/new/st_regs.v" Line 70
Stopped at time : 7 ns : File "G:/hdl_things/ST_Watch/ST_Watch.srcs/sources_1/new/st_regs.v" Line 117
Stopped at time : 7 ns : File "G:/hdl_things/ST_Watch/ST_Watch.srcs/sources_1/new/st_regs.v" Line 119
Stopped at time : 7 ns : File "G:/hdl_things/ST_Watch/ST_Watch.srcs/sources_1/new/st_regs.v" Line 132
Stopped at time : 7 ns : File "G:/hdl_things/ST_Watch/ST_Watch.srcs/sources_1/new/st_regs.v" Line 133
Stopped at time : 7 ns : File "G:/hdl_things/ST_Watch/ST_Watch.srcs/sources_1/new/st_regs.v" Line 134
Stopped at time : 7 ns : File "G:/hdl_things/ST_Watch/ST_Watch.srcs/sources_1/new/st_regs.v" Line 135
Stopped at time : 7 ns : File "G:/hdl_things/ST_Watch/ST_Watch.srcs/sources_1/new/st_regs.v" Line 136
Stopped at time : 7 ns : File "G:/hdl_things/ST_Watch/ST_Watch.srcs/sources_1/new/st_regs.v" Line 137
Stopped at time : 7 ns : File "G:/hdl_things/ST_Watch/ST_Watch.srcs/sources_1/new/st_regs.v" Line 138
Stopped at time : 7 ns : File "G:/hdl_things/ST_Watch/ST_Watch.srcs/sources_1/new/st_regs.v" Line 139
Stopped at time : 7 ns : File "G:/hdl_things/ST_Watch/ST_Watch.srcs/sources_1/new/st_regs.v" Line 116
Stopped at time : 8 ns : File "G:/hdl_things/ST_Watch/ST_Watch.srcs/sim_1/new/st_regs_test.v" Line 42
Stopped at time : 8 ns : File "G:/hdl_things/ST_Watch/ST_Watch.srcs/sim_1/new/st_regs_test.v" Line 43
Stopped at time : 8 ns : File "G:/hdl_things/ST_Watch/ST_Watch.srcs/sim_1/new/st_regs_test.v" Line 37
Stopped at time : 8 ns : File "G:/hdl_things/ST_Watch/ST_Watch.srcs/sim_1/new/st_regs_test.v" Line 37
Stopped at time : 8 ns : File "G:/hdl_things/ST_Watch/ST_Watch.srcs/sim_1/new/st_regs_test.v" Line 37
Stopped at time : 9 ns : File "G:/hdl_things/ST_Watch/ST_Watch.srcs/sim_1/new/st_regs_test.v" Line 37
Stopped at time : 9 ns : File "G:/hdl_things/ST_Watch/ST_Watch.srcs/sim_1/new/st_regs_test.v" Line 37
Stopped at time : 9 ns : File "G:/hdl_things/ST_Watch/ST_Watch.srcs/sim_1/new/st_regs_test.v" Line 37
Stopped at time : 9 ns : File "G:/hdl_things/ST_Watch/ST_Watch.srcs/sources_1/new/st_regs.v" Line 71
Stopped at time : 9 ns : File "G:/hdl_things/ST_Watch/ST_Watch.srcs/sources_1/new/st_regs.v" Line 74
Stopped at time : 9 ns : File "G:/hdl_things/ST_Watch/ST_Watch.srcs/sources_1/new/st_regs.v" Line 75
Stopped at time : 9 ns : File "G:/hdl_things/ST_Watch/ST_Watch.srcs/sources_1/new/st_regs.v" Line 76
Stopped at time : 9 ns : File "G:/hdl_things/ST_Watch/ST_Watch.srcs/sources_1/new/st_regs.v" Line 77
Stopped at time : 9 ns : File "G:/hdl_things/ST_Watch/ST_Watch.srcs/sources_1/new/st_regs.v" Line 82
Stopped at time : 9 ns : File "G:/hdl_things/ST_Watch/ST_Watch.srcs/sources_1/new/st_regs.v" Line 84
Stopped at time : 9 ns : File "G:/hdl_things/ST_Watch/ST_Watch.srcs/sources_1/new/st_regs.v" Line 101
Stopped at time : 9 ns : File "G:/hdl_things/ST_Watch/ST_Watch.srcs/sources_1/new/st_regs.v" Line 103
Stopped at time : 9 ns : File "G:/hdl_things/ST_Watch/ST_Watch.srcs/sources_1/new/st_regs.v" Line 104
Stopped at time : 9 ns : File "G:/hdl_things/ST_Watch/ST_Watch.srcs/sources_1/new/st_regs.v" Line 105
Stopped at time : 9 ns : File "G:/hdl_things/ST_Watch/ST_Watch.srcs/sources_1/new/st_regs.v" Line 106
Stopped at time : 9 ns : File "G:/hdl_things/ST_Watch/ST_Watch.srcs/sources_1/new/st_regs.v" Line 107
Stopped at time : 9 ns : File "G:/hdl_things/ST_Watch/ST_Watch.srcs/sources_1/new/st_regs.v" Line 108
Stopped at time : 9 ns : File "G:/hdl_things/ST_Watch/ST_Watch.srcs/sources_1/new/st_regs.v" Line 109
Stopped at time : 9 ns : File "G:/hdl_things/ST_Watch/ST_Watch.srcs/sources_1/new/st_regs.v" Line 110
Stopped at time : 9 ns : File "G:/hdl_things/ST_Watch/ST_Watch.srcs/sources_1/new/st_regs.v" Line 111
Stopped at time : 9 ns : File "G:/hdl_things/ST_Watch/ST_Watch.srcs/sources_1/new/st_regs.v" Line 70
Stopped at time : 9 ns : File "G:/hdl_things/ST_Watch/ST_Watch.srcs/sources_1/new/st_regs.v" Line 117
Stopped at time : 9 ns : File "G:/hdl_things/ST_Watch/ST_Watch.srcs/sources_1/new/st_regs.v" Line 119
Stopped at time : 9 ns : File "G:/hdl_things/ST_Watch/ST_Watch.srcs/sources_1/new/st_regs.v" Line 132
Stopped at time : 9 ns : File "G:/hdl_things/ST_Watch/ST_Watch.srcs/sources_1/new/st_regs.v" Line 133
Stopped at time : 9 ns : File "G:/hdl_things/ST_Watch/ST_Watch.srcs/sources_1/new/st_regs.v" Line 134
Stopped at time : 9 ns : File "G:/hdl_things/ST_Watch/ST_Watch.srcs/sources_1/new/st_regs.v" Line 135
Stopped at time : 9 ns : File "G:/hdl_things/ST_Watch/ST_Watch.srcs/sources_1/new/st_regs.v" Line 136
Stopped at time : 9 ns : File "G:/hdl_things/ST_Watch/ST_Watch.srcs/sources_1/new/st_regs.v" Line 137
Stopped at time : 9 ns : File "G:/hdl_things/ST_Watch/ST_Watch.srcs/sources_1/new/st_regs.v" Line 138
Stopped at time : 9 ns : File "G:/hdl_things/ST_Watch/ST_Watch.srcs/sources_1/new/st_regs.v" Line 139
Stopped at time : 9 ns : File "G:/hdl_things/ST_Watch/ST_Watch.srcs/sources_1/new/st_regs.v" Line 116
Stopped at time : 10 ns : File "G:/hdl_things/ST_Watch/ST_Watch.srcs/sim_1/new/st_regs_test.v" Line 43
Stopped at time : 10 ns : File "G:/hdl_things/ST_Watch/ST_Watch.srcs/sim_1/new/st_regs_test.v" Line 37
Stopped at time : 10 ns : File "G:/hdl_things/ST_Watch/ST_Watch.srcs/sim_1/new/st_regs_test.v" Line 37
Stopped at time : 10 ns : File "G:/hdl_things/ST_Watch/ST_Watch.srcs/sim_1/new/st_regs_test.v" Line 37
Stopped at time : 11 ns : File "G:/hdl_things/ST_Watch/ST_Watch.srcs/sim_1/new/st_regs_test.v" Line 37
Stopped at time : 11 ns : File "G:/hdl_things/ST_Watch/ST_Watch.srcs/sim_1/new/st_regs_test.v" Line 37
Stopped at time : 11 ns : File "G:/hdl_things/ST_Watch/ST_Watch.srcs/sim_1/new/st_regs_test.v" Line 37
Stopped at time : 11 ns : File "G:/hdl_things/ST_Watch/ST_Watch.srcs/sources_1/new/st_regs.v" Line 71
Stopped at time : 11 ns : File "G:/hdl_things/ST_Watch/ST_Watch.srcs/sources_1/new/st_regs.v" Line 74
Stopped at time : 11 ns : File "G:/hdl_things/ST_Watch/ST_Watch.srcs/sources_1/new/st_regs.v" Line 75
Stopped at time : 11 ns : File "G:/hdl_things/ST_Watch/ST_Watch.srcs/sources_1/new/st_regs.v" Line 82
Stopped at time : 11 ns : File "G:/hdl_things/ST_Watch/ST_Watch.srcs/sources_1/new/st_regs.v" Line 84
Stopped at time : 11 ns : File "G:/hdl_things/ST_Watch/ST_Watch.srcs/sources_1/new/st_regs.v" Line 101
Stopped at time : 11 ns : File "G:/hdl_things/ST_Watch/ST_Watch.srcs/sources_1/new/st_regs.v" Line 103
Stopped at time : 11 ns : File "G:/hdl_things/ST_Watch/ST_Watch.srcs/sources_1/new/st_regs.v" Line 104
Stopped at time : 11 ns : File "G:/hdl_things/ST_Watch/ST_Watch.srcs/sources_1/new/st_regs.v" Line 105
Stopped at time : 11 ns : File "G:/hdl_things/ST_Watch/ST_Watch.srcs/sources_1/new/st_regs.v" Line 106
Stopped at time : 11 ns : File "G:/hdl_things/ST_Watch/ST_Watch.srcs/sources_1/new/st_regs.v" Line 107
Stopped at time : 11 ns : File "G:/hdl_things/ST_Watch/ST_Watch.srcs/sources_1/new/st_regs.v" Line 108
Stopped at time : 11 ns : File "G:/hdl_things/ST_Watch/ST_Watch.srcs/sources_1/new/st_regs.v" Line 109
Stopped at time : 11 ns : File "G:/hdl_things/ST_Watch/ST_Watch.srcs/sources_1/new/st_regs.v" Line 110
Stopped at time : 11 ns : File "G:/hdl_things/ST_Watch/ST_Watch.srcs/sources_1/new/st_regs.v" Line 111
Stopped at time : 11 ns : File "G:/hdl_things/ST_Watch/ST_Watch.srcs/sources_1/new/st_regs.v" Line 70
Stopped at time : 11 ns : File "G:/hdl_things/ST_Watch/ST_Watch.srcs/sources_1/new/st_regs.v" Line 117
Stopped at time : 11 ns : File "G:/hdl_things/ST_Watch/ST_Watch.srcs/sources_1/new/st_regs.v" Line 167
Stopped at time : 11 ns : File "G:/hdl_things/ST_Watch/ST_Watch.srcs/sources_1/new/st_regs.v" Line 168
Stopped at time : 11 ns : File "G:/hdl_things/ST_Watch/ST_Watch.srcs/sources_1/new/st_regs.v" Line 206
Stopped at time : 11 ns : File "G:/hdl_things/ST_Watch/ST_Watch.srcs/sources_1/new/st_regs.v" Line 116
Stopped at time : 12 ns : File "G:/hdl_things/ST_Watch/ST_Watch.srcs/sim_1/new/st_regs_test.v" Line 37
